2020-09-06 09:32:08.300  INFO 15216 --- [restartedMain] c.p.blogbackend.BlogbackendApplication   : Starting BlogbackendApplication on DESKTOP-SN7KTS4 with PID 15216 (D:\IDEA_project\blogbackend\target\classes started by YF in D:\IDEA_project\blogbackend)
2020-09-06 09:32:08.312 DEBUG 15216 --- [restartedMain] c.p.blogbackend.BlogbackendApplication   : Running with Spring Boot v2.3.3.RELEASE, Spring v5.2.8.RELEASE
2020-09-06 09:32:08.313  INFO 15216 --- [restartedMain] c.p.blogbackend.BlogbackendApplication   : No active profile set, falling back to default profiles: default
2020-09-06 09:32:11.547  WARN 15216 --- [restartedMain] JpaBaseConfiguration$JpaWebConfiguration : spring.jpa.open-in-view is enabled by default. Therefore, database queries may be performed during view rendering. Explicitly configure spring.jpa.open-in-view to disable this warning
2020-09-06 09:32:15.056  INFO 15216 --- [restartedMain] c.p.blogbackend.BlogbackendApplication   : Started BlogbackendApplication in 8.175 seconds (JVM running for 11.897)
2020-09-06 09:34:06.889  WARN 15216 --- [http-nio-8080-exec-6] o.a.c.util.SessionIdGeneratorBase        : Creation of SecureRandom instance for session ID generation using [SHA1PRNG] took [426] milliseconds.
2020-09-06 09:43:48.817  INFO 15216 --- [restartedMain] c.p.blogbackend.BlogbackendApplication   : Starting BlogbackendApplication on DESKTOP-SN7KTS4 with PID 15216 (D:\IDEA_project\blogbackend\target\classes started by YF in D:\IDEA_project\blogbackend)
2020-09-06 09:43:48.818 DEBUG 15216 --- [restartedMain] c.p.blogbackend.BlogbackendApplication   : Running with Spring Boot v2.3.3.RELEASE, Spring v5.2.8.RELEASE
2020-09-06 09:43:48.818  INFO 15216 --- [restartedMain] c.p.blogbackend.BlogbackendApplication   : No active profile set, falling back to default profiles: default
2020-09-06 09:43:50.765  WARN 15216 --- [restartedMain] JpaBaseConfiguration$JpaWebConfiguration : spring.jpa.open-in-view is enabled by default. Therefore, database queries may be performed during view rendering. Explicitly configure spring.jpa.open-in-view to disable this warning
2020-09-06 09:43:52.857  INFO 15216 --- [restartedMain] c.p.blogbackend.BlogbackendApplication   : Started BlogbackendApplication in 4.147 seconds (JVM running for 709.697)
2020-09-06 09:45:25.731  INFO 15216 --- [restartedMain] c.p.blogbackend.BlogbackendApplication   : Starting BlogbackendApplication on DESKTOP-SN7KTS4 with PID 15216 (D:\IDEA_project\blogbackend\target\classes started by YF in D:\IDEA_project\blogbackend)
2020-09-06 09:45:25.732 DEBUG 15216 --- [restartedMain] c.p.blogbackend.BlogbackendApplication   : Running with Spring Boot v2.3.3.RELEASE, Spring v5.2.8.RELEASE
2020-09-06 09:45:25.732  INFO 15216 --- [restartedMain] c.p.blogbackend.BlogbackendApplication   : No active profile set, falling back to default profiles: default
2020-09-06 09:45:27.039  WARN 15216 --- [restartedMain] JpaBaseConfiguration$JpaWebConfiguration : spring.jpa.open-in-view is enabled by default. Therefore, database queries may be performed during view rendering. Explicitly configure spring.jpa.open-in-view to disable this warning
2020-09-06 09:45:29.303  INFO 15216 --- [restartedMain] c.p.blogbackend.BlogbackendApplication   : Started BlogbackendApplication in 3.687 seconds (JVM running for 806.144)
2020-09-06 09:45:42.849  INFO 15216 --- [restartedMain] c.p.blogbackend.BlogbackendApplication   : Starting BlogbackendApplication on DESKTOP-SN7KTS4 with PID 15216 (D:\IDEA_project\blogbackend\target\classes started by YF in D:\IDEA_project\blogbackend)
2020-09-06 09:45:42.850 DEBUG 15216 --- [restartedMain] c.p.blogbackend.BlogbackendApplication   : Running with Spring Boot v2.3.3.RELEASE, Spring v5.2.8.RELEASE
2020-09-06 09:45:42.850  INFO 15216 --- [restartedMain] c.p.blogbackend.BlogbackendApplication   : No active profile set, falling back to default profiles: default
2020-09-06 09:45:45.016  WARN 15216 --- [restartedMain] JpaBaseConfiguration$JpaWebConfiguration : spring.jpa.open-in-view is enabled by default. Therefore, database queries may be performed during view rendering. Explicitly configure spring.jpa.open-in-view to disable this warning
2020-09-06 09:45:48.450  INFO 15216 --- [restartedMain] c.p.blogbackend.BlogbackendApplication   : Started BlogbackendApplication in 5.733 seconds (JVM running for 825.29)
2020-09-06 09:47:07.156  INFO 9044 --- [restartedMain] c.p.blogbackend.BlogbackendApplication   : Starting BlogbackendApplication on DESKTOP-SN7KTS4 with PID 9044 (D:\IDEA_project\blogbackend\target\classes started by YF in D:\IDEA_project\blogbackend)
2020-09-06 09:47:07.161 DEBUG 9044 --- [restartedMain] c.p.blogbackend.BlogbackendApplication   : Running with Spring Boot v2.3.3.RELEASE, Spring v5.2.8.RELEASE
2020-09-06 09:47:07.165  INFO 9044 --- [restartedMain] c.p.blogbackend.BlogbackendApplication   : No active profile set, falling back to default profiles: default
2020-09-06 09:47:13.715  WARN 9044 --- [restartedMain] JpaBaseConfiguration$JpaWebConfiguration : spring.jpa.open-in-view is enabled by default. Therefore, database queries may be performed during view rendering. Explicitly configure spring.jpa.open-in-view to disable this warning
2020-09-06 09:47:18.778  INFO 9044 --- [restartedMain] c.p.blogbackend.BlogbackendApplication   : Started BlogbackendApplication in 14.681 seconds (JVM running for 18.511)
2020-09-06 09:47:44.152  WARN 9044 --- [http-nio-8080-exec-2] o.a.c.util.SessionIdGeneratorBase        : Creation of SecureRandom instance for session ID generation using [SHA1PRNG] took [411] milliseconds.
2020-09-06 09:51:21.075  INFO 14620 --- [restartedMain] c.p.blogbackend.BlogbackendApplication   : Starting BlogbackendApplication on DESKTOP-SN7KTS4 with PID 14620 (D:\IDEA_project\blogbackend\target\classes started by YF in D:\IDEA_project\blogbackend)
2020-09-06 09:51:21.080 DEBUG 14620 --- [restartedMain] c.p.blogbackend.BlogbackendApplication   : Running with Spring Boot v2.3.3.RELEASE, Spring v5.2.8.RELEASE
2020-09-06 09:51:21.081  INFO 14620 --- [restartedMain] c.p.blogbackend.BlogbackendApplication   : No active profile set, falling back to default profiles: default
2020-09-06 09:51:25.594  WARN 14620 --- [restartedMain] JpaBaseConfiguration$JpaWebConfiguration : spring.jpa.open-in-view is enabled by default. Therefore, database queries may be performed during view rendering. Explicitly configure spring.jpa.open-in-view to disable this warning
2020-09-06 09:51:29.314  INFO 14620 --- [restartedMain] c.p.blogbackend.BlogbackendApplication   : Started BlogbackendApplication in 9.737 seconds (JVM running for 12.447)
2020-09-06 09:52:39.351  INFO 14804 --- [restartedMain] c.p.blogbackend.BlogbackendApplication   : Starting BlogbackendApplication on DESKTOP-SN7KTS4 with PID 14804 (D:\IDEA_project\blogbackend\target\classes started by YF in D:\IDEA_project\blogbackend)
2020-09-06 09:52:39.373 DEBUG 14804 --- [restartedMain] c.p.blogbackend.BlogbackendApplication   : Running with Spring Boot v2.3.3.RELEASE, Spring v5.2.8.RELEASE
2020-09-06 09:52:39.385  INFO 14804 --- [restartedMain] c.p.blogbackend.BlogbackendApplication   : No active profile set, falling back to default profiles: default
2020-09-06 09:52:45.202  WARN 14804 --- [restartedMain] JpaBaseConfiguration$JpaWebConfiguration : spring.jpa.open-in-view is enabled by default. Therefore, database queries may be performed during view rendering. Explicitly configure spring.jpa.open-in-view to disable this warning
2020-09-06 09:52:49.238  INFO 14804 --- [restartedMain] c.p.blogbackend.BlogbackendApplication   : Started BlogbackendApplication in 11.72 seconds (JVM running for 15.131)
2020-09-06 09:56:19.735  INFO 17280 --- [restartedMain] c.p.blogbackend.BlogbackendApplication   : Starting BlogbackendApplication on DESKTOP-SN7KTS4 with PID 17280 (D:\IDEA_project\blogbackend\target\classes started by YF in D:\IDEA_project\blogbackend)
2020-09-06 09:56:19.743 DEBUG 17280 --- [restartedMain] c.p.blogbackend.BlogbackendApplication   : Running with Spring Boot v2.3.3.RELEASE, Spring v5.2.8.RELEASE
2020-09-06 09:56:19.744  INFO 17280 --- [restartedMain] c.p.blogbackend.BlogbackendApplication   : No active profile set, falling back to default profiles: default
2020-09-06 09:56:26.133  WARN 17280 --- [restartedMain] JpaBaseConfiguration$JpaWebConfiguration : spring.jpa.open-in-view is enabled by default. Therefore, database queries may be performed during view rendering. Explicitly configure spring.jpa.open-in-view to disable this warning
2020-09-06 09:56:30.042  INFO 17280 --- [restartedMain] c.p.blogbackend.BlogbackendApplication   : Started BlogbackendApplication in 11.92 seconds (JVM running for 15.041)
2020-09-06 10:04:54.522  INFO 11100 --- [restartedMain] c.p.blogbackend.BlogbackendApplication   : Starting BlogbackendApplication on DESKTOP-SN7KTS4 with PID 11100 (D:\IDEA_project\blogbackend\target\classes started by YF in D:\IDEA_project\blogbackend)
2020-09-06 10:04:54.537 DEBUG 11100 --- [restartedMain] c.p.blogbackend.BlogbackendApplication   : Running with Spring Boot v2.3.3.RELEASE, Spring v5.2.8.RELEASE
2020-09-06 10:04:54.538  INFO 11100 --- [restartedMain] c.p.blogbackend.BlogbackendApplication   : No active profile set, falling back to default profiles: default
2020-09-06 10:04:59.739  WARN 11100 --- [restartedMain] JpaBaseConfiguration$JpaWebConfiguration : spring.jpa.open-in-view is enabled by default. Therefore, database queries may be performed during view rendering. Explicitly configure spring.jpa.open-in-view to disable this warning
2020-09-06 10:05:04.448  INFO 11100 --- [restartedMain] c.p.blogbackend.BlogbackendApplication   : Started BlogbackendApplication in 11.913 seconds (JVM running for 14.729)
2020-09-06 10:05:04.607  WARN 11100 --- [http-nio-8080-exec-1] o.a.c.util.SessionIdGeneratorBase        : Creation of SecureRandom instance for session ID generation using [SHA1PRNG] took [593] milliseconds.
2020-09-06 10:05:04.607  WARN 11100 --- [http-nio-8080-exec-2] o.a.c.util.SessionIdGeneratorBase        : Creation of SecureRandom instance for session ID generation using [SHA1PRNG] took [581] milliseconds.
